-------------------------------------------------------------------------------
Test set: br.com.projeto.utd.ProjetoFinalApplicationTests
-------------------------------------------------------------------------------
Tests run: 1, Failures: 0, Errors: 1, Skipped: 0, Time elapsed: 3.348 s <<< FAILURE! - in br.com.projeto.utd.ProjetoFinalApplicationTests
contextLoads  Time elapsed: 0.025 s  <<< ERROR!
java.lang.IllegalStateException: Failed to load ApplicationContext
Caused by: org.springframework.beans.factory.BeanCreationException: Error creating bean with name 'entityManagerFactory' defined in class path resource [org/springframework/boot/autoconfigure/orm/jpa/HibernateJpaConfiguration.class]: Invocation of init method failed; nested exception is org.hibernate.AnnotationException: No identifier specified for entity: br.com.projeto.utd.model.Livro
Caused by: org.hibernate.AnnotationException: No identifier specified for entity: br.com.projeto.utd.model.Livro

